Connecting to database specified by database.yml
Connecting to database specified by database.yml
Connecting to database specified by database.yml
Connecting to database specified by database.yml
Connecting to database specified by database.yml
Connecting to database specified by database.yml
Connecting to database specified by database.yml
Connecting to database specified by database.yml
Connecting to database specified by database.yml
Connecting to database specified by database.yml
Connecting to database specified by database.yml
Connecting to database specified by database.yml
Connecting to database specified by database.yml
Connecting to database specified by database.yml
Connecting to database specified by database.yml


Started GET "/assets/rails.png" for 127.0.0.1 at 2012-11-13 18:42:48 +0100
Connecting to database specified by database.yml
Served asset /rails.png - 200 OK (19ms)


Started GET "/" for 127.0.0.1 at 2012-11-13 18:43:07 +0100
Processing by PatientsController#init as HTML
  Rendered patients/init.html.erb within layouts/application (11.5ms)
Completed 500 Internal Server Error in 28ms

ActionView::Template::Error (undefined local variable or method `biochemistry_tests' for #<#<Class:0x00000100d79c58>:0x000001021840e0>):
    5:         <p>You can acces any Patient's Related Table you want !!!</p>
    6:         <br/>
    7:     </div>
    8:     <%= link_to 'Biochemistry Tests', biochemistry_tests %>
    9:     <%= link_to 'cell_blood_count_tests', cell_blood_count_tests %>
    10:     <%= link_to 'treatments', treatments %>
    11:     <%= link_to 'hospital_derivations', hospital_derivations %>
  app/views/patients/init.html.erb:8:in `_app_views_patients_init_html_erb__4337349981058318989_2154355480'


  Rendered /Users/Victor/.rvm/gems/ruby-1.9.3-p194/gems/actionpack-3.2.8/lib/action_dispatch/middleware/templates/rescues/_trace.erb (1.4ms)
  Rendered /Users/Victor/.rvm/gems/ruby-1.9.3-p194/gems/actionpack-3.2.8/lib/action_dispatch/middleware/templates/rescues/_request_and_response.erb (0.8ms)
  Rendered /Users/Victor/.rvm/gems/ruby-1.9.3-p194/gems/actionpack-3.2.8/lib/action_dispatch/middleware/templates/rescues/template_error.erb within rescues/layout (12.3ms)


Started GET "/" for 127.0.0.1 at 2012-11-13 18:46:30 +0100
Processing by PatientsController#init as HTML
  Rendered patients/init.html.erb within layouts/application (4.5ms)
Compiled biochemistry_tests.css  (29ms)  (pid 2013)
Compiled cell_blood_count_tests.css  (1ms)  (pid 2013)
Compiled clinical_courses.css  (1ms)  (pid 2013)
Compiled containments.css  (1ms)  (pid 2013)
Compiled diagnoses.css  (1ms)  (pid 2013)
Compiled exitus.css  (1ms)  (pid 2013)
Compiled falls.css  (1ms)  (pid 2013)
Compiled families.css  (1ms)  (pid 2013)
Compiled galeries.css  (1ms)  (pid 2013)
Compiled hospital_derivations.css  (1ms)  (pid 2013)
Compiled medical_records.css  (1ms)  (pid 2013)
Compiled medicines.css  (4ms)  (pid 2013)
Compiled patients.css  (1ms)  (pid 2013)
Compiled scaffolds.css  (12ms)  (pid 2013)
Compiled treatments.css  (1ms)  (pid 2013)
Compiled ulcers.css  (1ms)  (pid 2013)
Compiled vaccines.css  (1ms)  (pid 2013)
Compiled application.css  (286ms)  (pid 2013)
Compiled jquery.js  (8ms)  (pid 2013)
Compiled jquery_ujs.js  (0ms)  (pid 2013)
Compiled biochemistry_tests.js  (610ms)  (pid 2013)
Compiled cell_blood_count_tests.js  (91ms)  (pid 2013)
Compiled clinical_courses.js  (92ms)  (pid 2013)
Compiled containments.js  (126ms)  (pid 2013)
Compiled diagnoses.js  (100ms)  (pid 2013)
Compiled exitus.js  (93ms)  (pid 2013)
Compiled falls.js  (128ms)  (pid 2013)
Compiled families.js  (92ms)  (pid 2013)
Compiled galeries.js  (94ms)  (pid 2013)
Compiled hospital_derivations.js  (127ms)  (pid 2013)
Compiled medical_records.js  (90ms)  (pid 2013)
Compiled medicines.js  (90ms)  (pid 2013)
Compiled patients.js  (89ms)  (pid 2013)
Compiled treatments.js  (90ms)  (pid 2013)
Compiled ulcers.js  (92ms)  (pid 2013)
Compiled vaccines.js  (93ms)  (pid 2013)
Compiled application.js  (2438ms)  (pid 2013)
Completed 200 OK in 3050ms (Views: 3049.6ms | ActiveRecord: 0.0ms)


Started GET "/assets/application.css?body=1" for 127.0.0.1 at 2012-11-13 18:46:33 +0100
Served asset /application.css - 304 Not Modified (58ms)


Started GET "/assets/diagnoses.css?body=1" for 127.0.0.1 at 2012-11-13 18:46:33 +0100
Served asset /diagnoses.css - 200 OK (2ms)


Started GET "/assets/biochemistry_tests.css?body=1" for 127.0.0.1 at 2012-11-13 18:46:34 +0100
Served asset /biochemistry_tests.css - 200 OK (1ms)


Started GET "/assets/containments.css?body=1" for 127.0.0.1 at 2012-11-13 18:46:34 +0100
Served asset /containments.css - 200 OK (1ms)


Started GET "/assets/galeries.css?body=1" for 127.0.0.1 at 2012-11-13 18:46:34 +0100
Served asset /galeries.css - 200 OK (3ms)


Started GET "/assets/falls.css?body=1" for 127.0.0.1 at 2012-11-13 18:46:34 +0100
Served asset /falls.css - 200 OK (2ms)


Started GET "/assets/cell_blood_count_tests.css?body=1" for 127.0.0.1 at 2012-11-13 18:46:34 +0100
Served asset /cell_blood_count_tests.css - 200 OK (1ms)


Started GET "/assets/clinical_courses.css?body=1" for 127.0.0.1 at 2012-11-13 18:46:34 +0100
Served asset /clinical_courses.css - 200 OK (1ms)


Started GET "/assets/exitus.css?body=1" for 127.0.0.1 at 2012-11-13 18:46:34 +0100
Served asset /exitus.css - 200 OK (1ms)


Started GET "/assets/families.css?body=1" for 127.0.0.1 at 2012-11-13 18:46:34 +0100
Served asset /families.css - 200 OK (1ms)


Started GET "/assets/medical_records.css?body=1" for 127.0.0.1 at 2012-11-13 18:46:34 +0100
Served asset /medical_records.css - 200 OK (25ms)


Started GET "/assets/hospital_derivations.css?body=1" for 127.0.0.1 at 2012-11-13 18:46:34 +0100
Served asset /hospital_derivations.css - 200 OK (2ms)


Started GET "/assets/medicines.css?body=1" for 127.0.0.1 at 2012-11-13 18:46:34 +0100
Served asset /medicines.css - 200 OK (4ms)


Started GET "/assets/patients.css?body=1" for 127.0.0.1 at 2012-11-13 18:46:34 +0100
Served asset /patients.css - 200 OK (1ms)


Started GET "/assets/treatments.css?body=1" for 127.0.0.1 at 2012-11-13 18:46:34 +0100
Served asset /treatments.css - 200 OK (2ms)


Started GET "/assets/vaccines.css?body=1" for 127.0.0.1 at 2012-11-13 18:46:34 +0100
Served asset /vaccines.css - 200 OK (2ms)


Started GET "/assets/cell_blood_count_tests.js?body=1" for 127.0.0.1 at 2012-11-13 18:46:34 +0100
Served asset /cell_blood_count_tests.js - 200 OK (1ms)


Started GET "/assets/clinical_courses.js?body=1" for 127.0.0.1 at 2012-11-13 18:46:34 +0100
Served asset /clinical_courses.js - 200 OK (2ms)


Started GET "/assets/jquery.js?body=1" for 127.0.0.1 at 2012-11-13 18:46:34 +0100
Served asset /jquery.js - 200 OK (5ms)


Started GET "/assets/biochemistry_tests.js?body=1" for 127.0.0.1 at 2012-11-13 18:46:34 +0100
Served asset /biochemistry_tests.js - 200 OK (2ms)


Started GET "/assets/exitus.js?body=1" for 127.0.0.1 at 2012-11-13 18:46:34 +0100
Served asset /exitus.js - 200 OK (1ms)


Started GET "/assets/jquery_ujs.js?body=1" for 127.0.0.1 at 2012-11-13 18:46:34 +0100
Served asset /jquery_ujs.js - 200 OK (34ms)


Started GET "/assets/families.js?body=1" for 127.0.0.1 at 2012-11-13 18:46:34 +0100
Served asset /families.js - 200 OK (1ms)


Started GET "/assets/containments.js?body=1" for 127.0.0.1 at 2012-11-13 18:46:34 +0100
Served asset /containments.js - 200 OK (1ms)


Started GET "/assets/scaffolds.css?body=1" for 127.0.0.1 at 2012-11-13 18:46:34 +0100
Served asset /scaffolds.css - 304 Not Modified (1ms)


Started GET "/assets/diagnoses.js?body=1" for 127.0.0.1 at 2012-11-13 18:46:34 +0100
Served asset /diagnoses.js - 200 OK (1ms)


Started GET "/assets/falls.js?body=1" for 127.0.0.1 at 2012-11-13 18:46:34 +0100
Served asset /falls.js - 200 OK (1ms)


Started GET "/assets/ulcers.css?body=1" for 127.0.0.1 at 2012-11-13 18:46:34 +0100
Served asset /ulcers.css - 200 OK (1ms)


Started GET "/assets/galeries.js?body=1" for 127.0.0.1 at 2012-11-13 18:46:34 +0100
Served asset /galeries.js - 200 OK (1ms)


Started GET "/assets/hospital_derivations.js?body=1" for 127.0.0.1 at 2012-11-13 18:46:34 +0100
Served asset /hospital_derivations.js - 200 OK (1ms)


Started GET "/assets/ulcers.js?body=1" for 127.0.0.1 at 2012-11-13 18:46:34 +0100
Served asset /ulcers.js - 200 OK (7ms)


Started GET "/assets/medicines.js?body=1" for 127.0.0.1 at 2012-11-13 18:46:34 +0100
Served asset /medicines.js - 200 OK (1ms)


Started GET "/assets/patients.js?body=1" for 127.0.0.1 at 2012-11-13 18:46:34 +0100
Served asset /patients.js - 200 OK (1ms)


Started GET "/assets/treatments.js?body=1" for 127.0.0.1 at 2012-11-13 18:46:34 +0100
Served asset /treatments.js - 200 OK (1ms)


Started GET "/assets/medical_records.js?body=1" for 127.0.0.1 at 2012-11-13 18:46:34 +0100
Served asset /medical_records.js - 200 OK (1ms)


Started GET "/assets/vaccines.js?body=1" for 127.0.0.1 at 2012-11-13 18:46:34 +0100
Served asset /vaccines.js - 200 OK (1ms)


Started GET "/assets/application.js?body=1" for 127.0.0.1 at 2012-11-13 18:46:34 +0100
Served asset /application.js - 200 OK (17ms)


Started GET "/patients" for 127.0.0.1 at 2012-11-13 18:46:39 +0100
Processing by PatientsController#index as HTML
Completed 500 Internal Server Error in 45ms

ActiveRecord::StatementInvalid (Could not find table 'patients'):
  app/controllers/patients_controller.rb:5:in `index'


  Rendered /Users/Victor/.rvm/gems/ruby-1.9.3-p194/gems/actionpack-3.2.8/lib/action_dispatch/middleware/templates/rescues/_trace.erb (2.0ms)
  Rendered /Users/Victor/.rvm/gems/ruby-1.9.3-p194/gems/actionpack-3.2.8/lib/action_dispatch/middleware/templates/rescues/_request_and_response.erb (1.1ms)
  Rendered /Users/Victor/.rvm/gems/ruby-1.9.3-p194/gems/actionpack-3.2.8/lib/action_dispatch/middleware/templates/rescues/diagnostics.erb within rescues/layout (14.1ms)
Connecting to database specified by database.yml
  [1m[36m (0.1ms)[0m  [1mselect sqlite_version(*)[0m
  [1m[35m (12.9ms)[0m  CREATE TABLE "schema_migrations" ("version" varchar(255) NOT NULL) 
  [1m[36m (0.0ms)[0m  [1mPRAGMA index_list("schema_migrations")[0m
  [1m[35m (12.8ms)[0m  CREATE UNIQUE INDEX "unique_schema_migrations" ON "schema_migrations" ("version")
  [1m[36m (0.3ms)[0m  [1mSELECT "schema_migrations"."version" FROM "schema_migrations" [0m
Migrating to CreateMedicines (20120923182220)
  [1m[35m (0.0ms)[0m  begin transaction
  [1m[36m (0.7ms)[0m  [1mCREATE TABLE "medicines" ("id" INTEGER PRIMARY KEY AUTOINCREMENT NOT NULL, "name" varchar(255), "description" text, "expiration" date, "available" boolean, "created_at" datetime NOT NULL, "updated_at" datetime NOT NULL) [0m
  [1m[35m (0.2ms)[0m  INSERT INTO "schema_migrations" ("version") VALUES ('20120923182220')
  [1m[36m (3.2ms)[0m  [1mcommit transaction[0m
Migrating to CreatePatients (20121113113306)
  [1m[35m (0.1ms)[0m  begin transaction
  [1m[36m (0.6ms)[0m  [1mCREATE TABLE "patients" ("id" INTEGER PRIMARY KEY AUTOINCREMENT NOT NULL, "name" varchar(255), "birth_date" date, "sex" varchar(255), "dni" varchar(255), "cip" varchar(255), "image" varchar(255), "room" varchar(255), "admission" integer, "exit" integer, "exitus" integer, "registered" integer, "code" varchar(255), "cap" varchar(255), "cap_doctor" varchar(255), "insurance_comp" varchar(255), "created_at" datetime NOT NULL, "updated_at" datetime NOT NULL) [0m
  [1m[35m (0.1ms)[0m  INSERT INTO "schema_migrations" ("version") VALUES ('20121113113306')
  [1m[36m (2.7ms)[0m  [1mcommit transaction[0m
Migrating to CreateFamilies (20121113162746)
  [1m[35m (0.1ms)[0m  begin transaction
  [1m[36m (0.6ms)[0m  [1mCREATE TABLE "families" ("id" INTEGER PRIMARY KEY AUTOINCREMENT NOT NULL, "family_name" varchar(255), "phone" varchar(255), "mobile_phone" varchar(255), "family_name_2" varchar(255), "phone_2" varchar(255), "mobile_phone_2" varchar(255), "created_at" datetime NOT NULL, "updated_at" datetime NOT NULL) [0m
  [1m[35m (0.1ms)[0m  INSERT INTO "schema_migrations" ("version") VALUES ('20121113162746')
  [1m[36m (2.6ms)[0m  [1mcommit transaction[0m
Migrating to CreateExitus (20121113162953)
  [1m[35m (0.0ms)[0m  begin transaction
  [1m[36m (0.5ms)[0m  [1mCREATE TABLE "exitus" ("id" INTEGER PRIMARY KEY AUTOINCREMENT NOT NULL, "date" date, "exitus_diagnosis" text, "place_exitus" varchar(255), "created_at" datetime NOT NULL, "updated_at" datetime NOT NULL) [0m
  [1m[35m (0.1ms)[0m  INSERT INTO "schema_migrations" ("version") VALUES ('20121113162953')
  [1m[36m (2.4ms)[0m  [1mcommit transaction[0m
Migrating to CreateMedicalRecords (20121113163633)
  [1m[35m (0.0ms)[0m  begin transaction
  [1m[36m (0.6ms)[0m  [1mCREATE TABLE "medical_records" ("id" INTEGER PRIMARY KEY AUTOINCREMENT NOT NULL, "allergies" varchar(255), "decreasings" varchar(255), "diet" varchar(255), "incontinence" varchar(255), "objective" varchar(255), "admission_date" date, "exit_date" date, "exit_report" text, "created_at" datetime NOT NULL, "updated_at" datetime NOT NULL) [0m
  [1m[35m (0.5ms)[0m  INSERT INTO "schema_migrations" ("version") VALUES ('20121113163633')
  [1m[36m (2.8ms)[0m  [1mcommit transaction[0m
Migrating to CreateGaleries (20121113164218)
  [1m[35m (0.1ms)[0m  begin transaction
  [1m[36m (0.4ms)[0m  [1mCREATE TABLE "galeries" ("id" INTEGER PRIMARY KEY AUTOINCREMENT NOT NULL, "image" varchar(255), "image_date" date, "comments" text, "created_at" datetime NOT NULL, "updated_at" datetime NOT NULL) [0m
  [1m[35m (0.1ms)[0m  INSERT INTO "schema_migrations" ("version") VALUES ('20121113164218')
  [1m[36m (3.9ms)[0m  [1mcommit transaction[0m
Migrating to CreateContainments (20121113164504)
  [1m[35m (0.1ms)[0m  begin transaction
  [1m[36m (0.4ms)[0m  [1mCREATE TABLE "containments" ("id" INTEGER PRIMARY KEY AUTOINCREMENT NOT NULL, "cont_start_date" date, "revision_date" date, "cont_end_date" date, "created_at" datetime NOT NULL, "updated_at" datetime NOT NULL) [0m
  [1m[35m (0.1ms)[0m  INSERT INTO "schema_migrations" ("version") VALUES ('20121113164504')
  [1m[36m (3.0ms)[0m  [1mcommit transaction[0m
Migrating to CreateDiagnoses (20121113164618)
  [1m[35m (0.1ms)[0m  begin transaction
  [1m[36m (0.5ms)[0m  [1mCREATE TABLE "diagnoses" ("id" INTEGER PRIMARY KEY AUTOINCREMENT NOT NULL, "diagnosis" varchar(255), "diagnosis_date" date, "cie_10" varchar(255), "created_at" datetime NOT NULL, "updated_at" datetime NOT NULL) [0m
  [1m[35m (0.1ms)[0m  INSERT INTO "schema_migrations" ("version") VALUES ('20121113164618')
  [1m[36m (2.8ms)[0m  [1mcommit transaction[0m
Migrating to CreateVaccines (20121113165010)
  [1m[35m (0.1ms)[0m  begin transaction
  [1m[36m (0.5ms)[0m  [1mCREATE TABLE "vaccines" ("id" INTEGER PRIMARY KEY AUTOINCREMENT NOT NULL, "vaccine" varchar(255), "vaccine_date" date, "vaccine_observation" text, "created_at" datetime NOT NULL, "updated_at" datetime NOT NULL) [0m
  [1m[35m (0.1ms)[0m  INSERT INTO "schema_migrations" ("version") VALUES ('20121113165010')
  [1m[36m (3.0ms)[0m  [1mcommit transaction[0m
Migrating to CreateUlcers (20121113165134)
  [1m[35m (0.0ms)[0m  begin transaction
  [1m[36m (0.5ms)[0m  [1mCREATE TABLE "ulcers" ("id" INTEGER PRIMARY KEY AUTOINCREMENT NOT NULL, "ulcer_start_date" date, "ulcer" varchar(255), "ulder_end_date" date, "created_at" datetime NOT NULL, "updated_at" datetime NOT NULL) [0m
  [1m[35m (0.1ms)[0m  INSERT INTO "schema_migrations" ("version") VALUES ('20121113165134')
  [1m[36m (3.0ms)[0m  [1mcommit transaction[0m
Migrating to CreateFalls (20121113165223)
  [1m[35m (0.0ms)[0m  begin transaction
  [1m[36m (0.4ms)[0m  [1mCREATE TABLE "falls" ("id" INTEGER PRIMARY KEY AUTOINCREMENT NOT NULL, "fall_date" date, "fall" varchar(255), "created_at" datetime NOT NULL, "updated_at" datetime NOT NULL) [0m
  [1m[35m (0.1ms)[0m  INSERT INTO "schema_migrations" ("version") VALUES ('20121113165223')
  [1m[36m (3.9ms)[0m  [1mcommit transaction[0m
Migrating to CreateClinicalCourses (20121113165353)
  [1m[35m (0.0ms)[0m  begin transaction
  [1m[36m (0.4ms)[0m  [1mCREATE TABLE "clinical_courses" ("id" INTEGER PRIMARY KEY AUTOINCREMENT NOT NULL, "course_date" date, "M" text, "E" text, "A" text, "P" text, "created_at" datetime NOT NULL, "updated_at" datetime NOT NULL) [0m
  [1m[35m (0.1ms)[0m  INSERT INTO "schema_migrations" ("version") VALUES ('20121113165353')
  [1m[36m (4.3ms)[0m  [1mcommit transaction[0m
Migrating to CreateHospitalDerivations (20121113165826)
  [1m[35m (0.0ms)[0m  begin transaction
  [1m[36m (0.4ms)[0m  [1mCREATE TABLE "hospital_derivations" ("id" INTEGER PRIMARY KEY AUTOINCREMENT NOT NULL, "derivation_date" date, "derivation_cause" text, "derivation_hospital" varchar(255), "derivation_print" integer, "discharge_date" date, "discharge_diagnosis" text, "created_at" datetime NOT NULL, "updated_at" datetime NOT NULL) [0m
  [1m[35m (0.1ms)[0m  INSERT INTO "schema_migrations" ("version") VALUES ('20121113165826')
  [1m[36m (4.1ms)[0m  [1mcommit transaction[0m
Migrating to CreateTreatments (20121113170600)
  [1m[35m (0.1ms)[0m  begin transaction
  [1m[36m (0.5ms)[0m  [1mCREATE TABLE "treatments" ("id" INTEGER PRIMARY KEY AUTOINCREMENT NOT NULL, "treatment" varchar(255), "national_code" varchar(255), "introduction" varchar(255), "de" float, "co" float, "ce" float, "no" float, "otro" float, "start_date" date, "end_date" date, "num_pills" integer, "prescriptions" integer, "current_treatment" integer, "modify" varchar(255), "med_treat_order" integer, "target" integer, "prize" float, "created_at" datetime NOT NULL, "updated_at" datetime NOT NULL) [0m
  [1m[35m (0.1ms)[0m  INSERT INTO "schema_migrations" ("version") VALUES ('20121113170600')
  [1m[36m (3.8ms)[0m  [1mcommit transaction[0m
Migrating to CreateCellBloodCountTests (20121113171713)
  [1m[35m (0.1ms)[0m  begin transaction
  [1m[36m (0.4ms)[0m  [1mCREATE TABLE "cell_blood_count_tests" ("id" INTEGER PRIMARY KEY AUTOINCREMENT NOT NULL, "extraction_date" date, "red_blood_cells" varchar(255), "hemoglobin" varchar(255), "hematocrit" varchar(255), "vcm" varchar(255), "hcm" varchar(255), "chcm" varchar(255), "platelet" varchar(255), "leukocyte" varchar(255), "neutrophils" varchar(255), "cluster_differentiation" varchar(255), "monocyte" varchar(255), "eosinophil" varchar(255), "basophil" varchar(255), "created_at" datetime NOT NULL, "updated_at" datetime NOT NULL) [0m
  [1m[35m (0.1ms)[0m  INSERT INTO "schema_migrations" ("version") VALUES ('20121113171713')
  [1m[36m (2.9ms)[0m  [1mcommit transaction[0m
Migrating to CreateBiochemistryTests (20121113172846)
  [1m[35m (0.1ms)[0m  begin transaction
  [1m[36m (0.8ms)[0m  [1mCREATE TABLE "biochemistry_tests" ("id" INTEGER PRIMARY KEY AUTOINCREMENT NOT NULL, "extraction_date" date, "glucemy" varchar(255), "hba1c" varchar(255), "urea" varchar(255), "creatinine" varchar(255), "uric_acid" varchar(255), "cholesterol" varchar(255), "cHDL" varchar(255), "cLDL" varchar(255), "triglycerides" varchar(255), "ast" varchar(255), "alt" varchar(255), "iron" varchar(255), "ferritin" varchar(255), "sodium" varchar(255), "potassium" varchar(255), "vsg" varchar(255), "cobalamins_vitb12" varchar(255), "ac_folico" varchar(255), "tsh" varchar(255), "ft3" varchar(255), "ft4" varchar(255), "created_at" datetime NOT NULL, "updated_at" datetime NOT NULL) [0m
  [1m[35m (0.1ms)[0m  INSERT INTO "schema_migrations" ("version") VALUES ('20121113172846')
  [1m[36m (3.8ms)[0m  [1mcommit transaction[0m
  [1m[35m (0.9ms)[0m  select sqlite_version(*)
  [1m[36m (0.2ms)[0m  [1mSELECT "schema_migrations"."version" FROM "schema_migrations" [0m
  [1m[35m (0.1ms)[0m  PRAGMA index_list("biochemistry_tests")
  [1m[36m (0.0ms)[0m  [1mPRAGMA index_list("cell_blood_count_tests")[0m
  [1m[35m (0.0ms)[0m  PRAGMA index_list("clinical_courses")
  [1m[36m (0.0ms)[0m  [1mPRAGMA index_list("containments")[0m
  [1m[35m (0.0ms)[0m  PRAGMA index_list("diagnoses")
  [1m[36m (0.0ms)[0m  [1mPRAGMA index_list("exitus")[0m
  [1m[35m (0.0ms)[0m  PRAGMA index_list("falls")
  [1m[36m (0.0ms)[0m  [1mPRAGMA index_list("families")[0m
  [1m[35m (0.0ms)[0m  PRAGMA index_list("galeries")
  [1m[36m (0.0ms)[0m  [1mPRAGMA index_list("hospital_derivations")[0m
  [1m[35m (0.0ms)[0m  PRAGMA index_list("medical_records")
  [1m[36m (0.0ms)[0m  [1mPRAGMA index_list("medicines")[0m
  [1m[35m (0.0ms)[0m  PRAGMA index_list("patients")
  [1m[36m (0.0ms)[0m  [1mPRAGMA index_list("treatments")[0m
  [1m[35m (0.0ms)[0m  PRAGMA index_list("ulcers")
  [1m[36m (0.0ms)[0m  [1mPRAGMA index_list("vaccines")[0m


Started GET "/patients" for 127.0.0.1 at 2012-11-13 18:48:06 +0100
Connecting to database specified by database.yml
Processing by PatientsController#index as HTML
  [1m[36mPatient Load (0.1ms)[0m  [1mSELECT "patients".* FROM "patients" [0m
  Rendered patients/index.html.erb within layouts/application (2.7ms)
Completed 200 OK in 199ms (Views: 174.9ms | ActiveRecord: 2.2ms)


Started GET "/assets/application.css?body=1" for 127.0.0.1 at 2012-11-13 18:48:07 +0100
Served asset /application.css - 304 Not Modified (65ms)


Started GET "/assets/cell_blood_count_tests.css?body=1" for 127.0.0.1 at 2012-11-13 18:48:07 +0100
Served asset /cell_blood_count_tests.css - 304 Not Modified (1ms)


Started GET "/assets/clinical_courses.css?body=1" for 127.0.0.1 at 2012-11-13 18:48:07 +0100
Served asset /clinical_courses.css - 304 Not Modified (1ms)


Started GET "/assets/containments.css?body=1" for 127.0.0.1 at 2012-11-13 18:48:07 +0100
Served asset /containments.css - 304 Not Modified (2ms)


Started GET "/assets/biochemistry_tests.css?body=1" for 127.0.0.1 at 2012-11-13 18:48:07 +0100
Served asset /biochemistry_tests.css - 304 Not Modified (2ms)


Started GET "/assets/diagnoses.css?body=1" for 127.0.0.1 at 2012-11-13 18:48:07 +0100
Served asset /diagnoses.css - 304 Not Modified (2ms)


Started GET "/assets/exitus.css?body=1" for 127.0.0.1 at 2012-11-13 18:48:07 +0100
Served asset /exitus.css - 304 Not Modified (9ms)


Started GET "/assets/falls.css?body=1" for 127.0.0.1 at 2012-11-13 18:48:07 +0100
Served asset /falls.css - 304 Not Modified (2ms)


Started GET "/assets/families.css?body=1" for 127.0.0.1 at 2012-11-13 18:48:07 +0100
Served asset /families.css - 304 Not Modified (1ms)


Started GET "/assets/galeries.css?body=1" for 127.0.0.1 at 2012-11-13 18:48:07 +0100
Served asset /galeries.css - 304 Not Modified (27ms)


Started GET "/assets/hospital_derivations.css?body=1" for 127.0.0.1 at 2012-11-13 18:48:07 +0100
Served asset /hospital_derivations.css - 304 Not Modified (1ms)


Started GET "/assets/medical_records.css?body=1" for 127.0.0.1 at 2012-11-13 18:48:07 +0100
Served asset /medical_records.css - 304 Not Modified (1ms)


Started GET "/assets/medicines.css?body=1" for 127.0.0.1 at 2012-11-13 18:48:07 +0100
Served asset /medicines.css - 304 Not Modified (1ms)


Started GET "/assets/scaffolds.css?body=1" for 127.0.0.1 at 2012-11-13 18:48:07 +0100
Served asset /scaffolds.css - 304 Not Modified (3ms)


Started GET "/assets/patients.css?body=1" for 127.0.0.1 at 2012-11-13 18:48:07 +0100
Served asset /patients.css - 304 Not Modified (1ms)


Started GET "/assets/treatments.css?body=1" for 127.0.0.1 at 2012-11-13 18:48:07 +0100
Served asset /treatments.css - 304 Not Modified (1ms)


Started GET "/assets/ulcers.css?body=1" for 127.0.0.1 at 2012-11-13 18:48:07 +0100
Served asset /ulcers.css - 304 Not Modified (1ms)


Started GET "/assets/vaccines.css?body=1" for 127.0.0.1 at 2012-11-13 18:48:07 +0100
Served asset /vaccines.css - 304 Not Modified (2ms)


Started GET "/assets/jquery.js?body=1" for 127.0.0.1 at 2012-11-13 18:48:07 +0100
Served asset /jquery.js - 304 Not Modified (3ms)


Started GET "/assets/jquery_ujs.js?body=1" for 127.0.0.1 at 2012-11-13 18:48:07 +0100
Served asset /jquery_ujs.js - 304 Not Modified (3ms)


Started GET "/assets/biochemistry_tests.js?body=1" for 127.0.0.1 at 2012-11-13 18:48:07 +0100
Served asset /biochemistry_tests.js - 304 Not Modified (1ms)


Started GET "/assets/cell_blood_count_tests.js?body=1" for 127.0.0.1 at 2012-11-13 18:48:07 +0100
Served asset /cell_blood_count_tests.js - 304 Not Modified (2ms)


Started GET "/assets/clinical_courses.js?body=1" for 127.0.0.1 at 2012-11-13 18:48:07 +0100
Served asset /clinical_courses.js - 304 Not Modified (1ms)


Started GET "/assets/containments.js?body=1" for 127.0.0.1 at 2012-11-13 18:48:07 +0100
Served asset /containments.js - 304 Not Modified (1ms)


Started GET "/assets/diagnoses.js?body=1" for 127.0.0.1 at 2012-11-13 18:48:07 +0100
Served asset /diagnoses.js - 304 Not Modified (1ms)


Started GET "/assets/exitus.js?body=1" for 127.0.0.1 at 2012-11-13 18:48:07 +0100
Served asset /exitus.js - 304 Not Modified (1ms)


Started GET "/assets/falls.js?body=1" for 127.0.0.1 at 2012-11-13 18:48:07 +0100
Served asset /falls.js - 304 Not Modified (1ms)


Started GET "/assets/galeries.js?body=1" for 127.0.0.1 at 2012-11-13 18:48:07 +0100
Served asset /galeries.js - 304 Not Modified (1ms)


Started GET "/assets/families.js?body=1" for 127.0.0.1 at 2012-11-13 18:48:07 +0100
Served asset /families.js - 304 Not Modified (1ms)


Started GET "/assets/hospital_derivations.js?body=1" for 127.0.0.1 at 2012-11-13 18:48:07 +0100
Served asset /hospital_derivations.js - 304 Not Modified (1ms)


Started GET "/assets/medicines.js?body=1" for 127.0.0.1 at 2012-11-13 18:48:07 +0100
Served asset /medicines.js - 304 Not Modified (2ms)


Started GET "/assets/medical_records.js?body=1" for 127.0.0.1 at 2012-11-13 18:48:07 +0100
Served asset /medical_records.js - 304 Not Modified (22ms)


Started GET "/assets/patients.js?body=1" for 127.0.0.1 at 2012-11-13 18:48:07 +0100
Served asset /patients.js - 304 Not Modified (3ms)


Started GET "/assets/vaccines.js?body=1" for 127.0.0.1 at 2012-11-13 18:48:07 +0100
Served asset /vaccines.js - 304 Not Modified (1ms)


Started GET "/assets/application.js?body=1" for 127.0.0.1 at 2012-11-13 18:48:07 +0100
Served asset /application.js - 304 Not Modified (16ms)


Started GET "/assets/ulcers.js?body=1" for 127.0.0.1 at 2012-11-13 18:48:07 +0100
Served asset /ulcers.js - 304 Not Modified (1ms)


Started GET "/assets/treatments.js?body=1" for 127.0.0.1 at 2012-11-13 18:48:07 +0100
Served asset /treatments.js - 304 Not Modified (1ms)


Started GET "/patients/new" for 127.0.0.1 at 2012-11-13 18:48:10 +0100
Processing by PatientsController#new as HTML
  Rendered patients/_form.html.erb (137.2ms)
  Rendered patients/new.html.erb within layouts/application (161.0ms)
Completed 200 OK in 237ms (Views: 193.8ms | ActiveRecord: 0.0ms)


Started GET "/assets/application.css?body=1" for 127.0.0.1 at 2012-11-13 18:48:10 +0100
Served asset /application.css - 304 Not Modified (1ms)


Started GET "/assets/biochemistry_tests.css?body=1" for 127.0.0.1 at 2012-11-13 18:48:10 +0100
Served asset /biochemistry_tests.css - 304 Not Modified (0ms)


Started GET "/assets/containments.css?body=1" for 127.0.0.1 at 2012-11-13 18:48:10 +0100
Served asset /containments.css - 304 Not Modified (0ms)


Started GET "/assets/diagnoses.css?body=1" for 127.0.0.1 at 2012-11-13 18:48:10 +0100
Served asset /diagnoses.css - 304 Not Modified (0ms)


Started GET "/assets/falls.css?body=1" for 127.0.0.1 at 2012-11-13 18:48:10 +0100
Served asset /falls.css - 304 Not Modified (0ms)


Started GET "/assets/clinical_courses.css?body=1" for 127.0.0.1 at 2012-11-13 18:48:10 +0100
Served asset /clinical_courses.css - 304 Not Modified (0ms)


Started GET "/assets/cell_blood_count_tests.css?body=1" for 127.0.0.1 at 2012-11-13 18:48:10 +0100
Served asset /cell_blood_count_tests.css - 304 Not Modified (0ms)


Started GET "/assets/families.css?body=1" for 127.0.0.1 at 2012-11-13 18:48:10 +0100
Served asset /families.css - 304 Not Modified (0ms)


Started GET "/assets/galeries.css?body=1" for 127.0.0.1 at 2012-11-13 18:48:10 +0100
Served asset /galeries.css - 304 Not Modified (0ms)


Started GET "/assets/medical_records.css?body=1" for 127.0.0.1 at 2012-11-13 18:48:10 +0100
Served asset /medical_records.css - 304 Not Modified (0ms)


Started GET "/assets/hospital_derivations.css?body=1" for 127.0.0.1 at 2012-11-13 18:48:10 +0100
Served asset /hospital_derivations.css - 304 Not Modified (0ms)


Started GET "/assets/medicines.css?body=1" for 127.0.0.1 at 2012-11-13 18:48:10 +0100
Served asset /medicines.css - 304 Not Modified (0ms)


Started GET "/assets/patients.css?body=1" for 127.0.0.1 at 2012-11-13 18:48:10 +0100
Served asset /patients.css - 304 Not Modified (0ms)


Started GET "/assets/scaffolds.css?body=1" for 127.0.0.1 at 2012-11-13 18:48:10 +0100
Served asset /scaffolds.css - 304 Not Modified (0ms)


Started GET "/assets/treatments.css?body=1" for 127.0.0.1 at 2012-11-13 18:48:10 +0100
Served asset /treatments.css - 304 Not Modified (0ms)


Started GET "/assets/ulcers.css?body=1" for 127.0.0.1 at 2012-11-13 18:48:10 +0100
Served asset /ulcers.css - 304 Not Modified (0ms)


Started GET "/assets/vaccines.css?body=1" for 127.0.0.1 at 2012-11-13 18:48:10 +0100
Served asset /vaccines.css - 304 Not Modified (0ms)


Started GET "/assets/jquery.js?body=1" for 127.0.0.1 at 2012-11-13 18:48:10 +0100
Served asset /jquery.js - 304 Not Modified (0ms)


Started GET "/assets/jquery_ujs.js?body=1" for 127.0.0.1 at 2012-11-13 18:48:10 +0100
Served asset /jquery_ujs.js - 304 Not Modified (0ms)


Started GET "/assets/biochemistry_tests.js?body=1" for 127.0.0.1 at 2012-11-13 18:48:10 +0100
Served asset /biochemistry_tests.js - 304 Not Modified (0ms)


Started GET "/assets/cell_blood_count_tests.js?body=1" for 127.0.0.1 at 2012-11-13 18:48:10 +0100
Served asset /cell_blood_count_tests.js - 304 Not Modified (0ms)


Started GET "/assets/clinical_courses.js?body=1" for 127.0.0.1 at 2012-11-13 18:48:10 +0100
Served asset /clinical_courses.js - 304 Not Modified (0ms)


Started GET "/assets/containments.js?body=1" for 127.0.0.1 at 2012-11-13 18:48:10 +0100
Served asset /containments.js - 304 Not Modified (0ms)


Started GET "/assets/exitus.js?body=1" for 127.0.0.1 at 2012-11-13 18:48:10 +0100
Served asset /exitus.js - 304 Not Modified (0ms)


Started GET "/assets/diagnoses.js?body=1" for 127.0.0.1 at 2012-11-13 18:48:10 +0100
Served asset /diagnoses.js - 304 Not Modified (0ms)


Started GET "/assets/falls.js?body=1" for 127.0.0.1 at 2012-11-13 18:48:10 +0100
Served asset /falls.js - 304 Not Modified (0ms)


Started GET "/assets/galeries.js?body=1" for 127.0.0.1 at 2012-11-13 18:48:10 +0100
Served asset /galeries.js - 304 Not Modified (0ms)


Started GET "/assets/families.js?body=1" for 127.0.0.1 at 2012-11-13 18:48:10 +0100
Served asset /families.js - 304 Not Modified (0ms)


Started GET "/assets/hospital_derivations.js?body=1" for 127.0.0.1 at 2012-11-13 18:48:10 +0100
Served asset /hospital_derivations.js - 304 Not Modified (0ms)


Started GET "/assets/medicines.js?body=1" for 127.0.0.1 at 2012-11-13 18:48:10 +0100
Served asset /medicines.js - 304 Not Modified (0ms)


Started GET "/assets/ulcers.js?body=1" for 127.0.0.1 at 2012-11-13 18:48:10 +0100
Served asset /ulcers.js - 304 Not Modified (0ms)


Started GET "/assets/treatments.js?body=1" for 127.0.0.1 at 2012-11-13 18:48:11 +0100
Served asset /treatments.js - 304 Not Modified (0ms)


Started GET "/assets/vaccines.js?body=1" for 127.0.0.1 at 2012-11-13 18:48:11 +0100
Served asset /vaccines.js - 304 Not Modified (0ms)


Started GET "/assets/patients.js?body=1" for 127.0.0.1 at 2012-11-13 18:48:11 +0100
Served asset /patients.js - 304 Not Modified (0ms)


Started GET "/assets/application.js?body=1" for 127.0.0.1 at 2012-11-13 18:48:11 +0100
Served asset /application.js - 304 Not Modified (0ms)


Started GET "/assets/medical_records.js?body=1" for 127.0.0.1 at 2012-11-13 18:48:11 +0100
Served asset /medical_records.js - 304 Not Modified (0ms)


Started GET "/assets/exitus.css?body=1" for 127.0.0.1 at 2012-11-13 18:48:11 +0100
Served asset /exitus.css - 304 Not Modified (0ms)


Started GET "/exitus" for 127.0.0.1 at 2012-11-13 18:48:17 +0100
Processing by ExitusController#index as HTML
  [1m[35mExitu Load (0.1ms)[0m  SELECT "exitus".* FROM "exitus" 
  Rendered exitus/index.html.erb within layouts/application (1.1ms)
Completed 200 OK in 23ms (Views: 19.8ms | ActiveRecord: 0.4ms)


Started GET "/assets/application.css?body=1" for 127.0.0.1 at 2012-11-13 18:48:17 +0100
Served asset /application.css - 304 Not Modified (1ms)


Started GET "/assets/cell_blood_count_tests.css?body=1" for 127.0.0.1 at 2012-11-13 18:48:17 +0100
Served asset /cell_blood_count_tests.css - 304 Not Modified (0ms)


Started GET "/assets/biochemistry_tests.css?body=1" for 127.0.0.1 at 2012-11-13 18:48:17 +0100
Served asset /biochemistry_tests.css - 304 Not Modified (0ms)


Started GET "/assets/containments.css?body=1" for 127.0.0.1 at 2012-11-13 18:48:17 +0100
Served asset /containments.css - 304 Not Modified (0ms)


Started GET "/assets/galeries.css?body=1" for 127.0.0.1 at 2012-11-13 18:48:17 +0100
Served asset /galeries.css - 304 Not Modified (0ms)


Started GET "/assets/diagnoses.css?body=1" for 127.0.0.1 at 2012-11-13 18:48:17 +0100
Served asset /diagnoses.css - 304 Not Modified (0ms)


Started GET "/assets/clinical_courses.css?body=1" for 127.0.0.1 at 2012-11-13 18:48:17 +0100
Served asset /clinical_courses.css - 304 Not Modified (0ms)


Started GET "/assets/medical_records.css?body=1" for 127.0.0.1 at 2012-11-13 18:48:17 +0100
Served asset /medical_records.css - 304 Not Modified (0ms)


Started GET "/assets/falls.css?body=1" for 127.0.0.1 at 2012-11-13 18:48:17 +0100
Served asset /falls.css - 304 Not Modified (0ms)


Started GET "/assets/hospital_derivations.css?body=1" for 127.0.0.1 at 2012-11-13 18:48:17 +0100
Served asset /hospital_derivations.css - 304 Not Modified (0ms)


Started GET "/assets/families.css?body=1" for 127.0.0.1 at 2012-11-13 18:48:17 +0100
Served asset /families.css - 304 Not Modified (0ms)


Started GET "/assets/medicines.css?body=1" for 127.0.0.1 at 2012-11-13 18:48:17 +0100
Served asset /medicines.css - 304 Not Modified (0ms)


Started GET "/assets/patients.css?body=1" for 127.0.0.1 at 2012-11-13 18:48:17 +0100
Served asset /patients.css - 304 Not Modified (0ms)


Started GET "/assets/scaffolds.css?body=1" for 127.0.0.1 at 2012-11-13 18:48:17 +0100
Served asset /scaffolds.css - 304 Not Modified (0ms)


Started GET "/assets/treatments.css?body=1" for 127.0.0.1 at 2012-11-13 18:48:17 +0100
Served asset /treatments.css - 304 Not Modified (0ms)


Started GET "/assets/ulcers.css?body=1" for 127.0.0.1 at 2012-11-13 18:48:17 +0100
Served asset /ulcers.css - 304 Not Modified (0ms)


Started GET "/assets/jquery_ujs.js?body=1" for 127.0.0.1 at 2012-11-13 18:48:17 +0100
Served asset /jquery_ujs.js - 304 Not Modified (0ms)


Started GET "/assets/jquery.js?body=1" for 127.0.0.1 at 2012-11-13 18:48:17 +0100
Served asset /jquery.js - 304 Not Modified (0ms)


Started GET "/assets/cell_blood_count_tests.js?body=1" for 127.0.0.1 at 2012-11-13 18:48:17 +0100
Served asset /cell_blood_count_tests.js - 304 Not Modified (0ms)


Started GET "/assets/vaccines.css?body=1" for 127.0.0.1 at 2012-11-13 18:48:17 +0100
Served asset /vaccines.css - 304 Not Modified (0ms)


Started GET "/assets/biochemistry_tests.js?body=1" for 127.0.0.1 at 2012-11-13 18:48:17 +0100
Served asset /biochemistry_tests.js - 304 Not Modified (0ms)


Started GET "/assets/clinical_courses.js?body=1" for 127.0.0.1 at 2012-11-13 18:48:17 +0100
Served asset /clinical_courses.js - 304 Not Modified (0ms)


Started GET "/assets/containments.js?body=1" for 127.0.0.1 at 2012-11-13 18:48:17 +0100
Served asset /containments.js - 304 Not Modified (0ms)


Started GET "/assets/diagnoses.js?body=1" for 127.0.0.1 at 2012-11-13 18:48:17 +0100
Served asset /diagnoses.js - 304 Not Modified (0ms)


Started GET "/assets/families.js?body=1" for 127.0.0.1 at 2012-11-13 18:48:17 +0100
Served asset /families.js - 304 Not Modified (0ms)


Started GET "/assets/falls.js?body=1" for 127.0.0.1 at 2012-11-13 18:48:17 +0100
Served asset /falls.js - 304 Not Modified (0ms)


Started GET "/assets/galeries.js?body=1" for 127.0.0.1 at 2012-11-13 18:48:17 +0100
Served asset /galeries.js - 304 Not Modified (0ms)


Started GET "/assets/hospital_derivations.js?body=1" for 127.0.0.1 at 2012-11-13 18:48:17 +0100
Served asset /hospital_derivations.js - 304 Not Modified (0ms)


Started GET "/assets/exitus.js?body=1" for 127.0.0.1 at 2012-11-13 18:48:17 +0100
Served asset /exitus.js - 304 Not Modified (0ms)


Started GET "/assets/medical_records.js?body=1" for 127.0.0.1 at 2012-11-13 18:48:17 +0100
Served asset /medical_records.js - 304 Not Modified (0ms)


Started GET "/assets/patients.js?body=1" for 127.0.0.1 at 2012-11-13 18:48:17 +0100
Served asset /patients.js - 304 Not Modified (0ms)


Started GET "/assets/treatments.js?body=1" for 127.0.0.1 at 2012-11-13 18:48:17 +0100
Served asset /treatments.js - 304 Not Modified (0ms)


Started GET "/assets/ulcers.js?body=1" for 127.0.0.1 at 2012-11-13 18:48:17 +0100
Served asset /ulcers.js - 304 Not Modified (0ms)


Started GET "/assets/medicines.js?body=1" for 127.0.0.1 at 2012-11-13 18:48:17 +0100
Served asset /medicines.js - 304 Not Modified (0ms)


Started GET "/assets/vaccines.js?body=1" for 127.0.0.1 at 2012-11-13 18:48:17 +0100
Served asset /vaccines.js - 304 Not Modified (0ms)


Started GET "/assets/application.js?body=1" for 127.0.0.1 at 2012-11-13 18:48:17 +0100
Served asset /application.js - 304 Not Modified (0ms)


Started GET "/assets/exitus.css?body=1" for 127.0.0.1 at 2012-11-13 18:48:17 +0100
Served asset /exitus.css - 304 Not Modified (0ms)


Started GET "/exitus/new" for 127.0.0.1 at 2012-11-13 18:48:24 +0100
Processing by ExitusController#new as HTML
  Rendered exitus/_form.html.erb (6.3ms)
  Rendered exitus/new.html.erb within layouts/application (7.7ms)
Completed 200 OK in 34ms (Views: 25.3ms | ActiveRecord: 0.0ms)


Started GET "/assets/application.css?body=1" for 127.0.0.1 at 2012-11-13 18:48:24 +0100
Served asset /application.css - 304 Not Modified (0ms)


Started GET "/assets/biochemistry_tests.css?body=1" for 127.0.0.1 at 2012-11-13 18:48:24 +0100
Served asset /biochemistry_tests.css - 304 Not Modified (0ms)


Started GET "/assets/cell_blood_count_tests.css?body=1" for 127.0.0.1 at 2012-11-13 18:48:24 +0100
Served asset /cell_blood_count_tests.css - 304 Not Modified (0ms)


Started GET "/assets/diagnoses.css?body=1" for 127.0.0.1 at 2012-11-13 18:48:24 +0100
Served asset /diagnoses.css - 304 Not Modified (0ms)


Started GET "/assets/exitus.css?body=1" for 127.0.0.1 at 2012-11-13 18:48:24 +0100
Served asset /exitus.css - 304 Not Modified (0ms)


Started GET "/assets/falls.css?body=1" for 127.0.0.1 at 2012-11-13 18:48:24 +0100
Served asset /falls.css - 304 Not Modified (0ms)


Started GET "/assets/families.css?body=1" for 127.0.0.1 at 2012-11-13 18:48:24 +0100
Served asset /families.css - 304 Not Modified (0ms)


Started GET "/assets/containments.css?body=1" for 127.0.0.1 at 2012-11-13 18:48:24 +0100
Served asset /containments.css - 304 Not Modified (0ms)


Started GET "/assets/galeries.css?body=1" for 127.0.0.1 at 2012-11-13 18:48:24 +0100
Served asset /galeries.css - 304 Not Modified (0ms)


Started GET "/assets/clinical_courses.css?body=1" for 127.0.0.1 at 2012-11-13 18:48:24 +0100
Served asset /clinical_courses.css - 304 Not Modified (0ms)


Started GET "/assets/scaffolds.css?body=1" for 127.0.0.1 at 2012-11-13 18:48:24 +0100
Served asset /scaffolds.css - 304 Not Modified (0ms)


Started GET "/assets/medicines.css?body=1" for 127.0.0.1 at 2012-11-13 18:48:24 +0100
Served asset /medicines.css - 304 Not Modified (0ms)


Started GET "/assets/hospital_derivations.css?body=1" for 127.0.0.1 at 2012-11-13 18:48:24 +0100
Served asset /hospital_derivations.css - 304 Not Modified (0ms)


Started GET "/assets/patients.css?body=1" for 127.0.0.1 at 2012-11-13 18:48:24 +0100
Served asset /patients.css - 304 Not Modified (0ms)


Started GET "/assets/medical_records.css?body=1" for 127.0.0.1 at 2012-11-13 18:48:24 +0100
Served asset /medical_records.css - 304 Not Modified (0ms)


Started GET "/assets/treatments.css?body=1" for 127.0.0.1 at 2012-11-13 18:48:24 +0100
Served asset /treatments.css - 304 Not Modified (0ms)


Started GET "/assets/ulcers.css?body=1" for 127.0.0.1 at 2012-11-13 18:48:24 +0100
Served asset /ulcers.css - 304 Not Modified (0ms)


Started GET "/assets/biochemistry_tests.js?body=1" for 127.0.0.1 at 2012-11-13 18:48:24 +0100
Served asset /biochemistry_tests.js - 304 Not Modified (0ms)


Started GET "/assets/jquery.js?body=1" for 127.0.0.1 at 2012-11-13 18:48:24 +0100
Served asset /jquery.js - 304 Not Modified (0ms)


Started GET "/assets/jquery_ujs.js?body=1" for 127.0.0.1 at 2012-11-13 18:48:24 +0100
Served asset /jquery_ujs.js - 304 Not Modified (0ms)


Started GET "/assets/vaccines.css?body=1" for 127.0.0.1 at 2012-11-13 18:48:24 +0100
Served asset /vaccines.css - 304 Not Modified (0ms)


Started GET "/assets/cell_blood_count_tests.js?body=1" for 127.0.0.1 at 2012-11-13 18:48:24 +0100
Served asset /cell_blood_count_tests.js - 304 Not Modified (0ms)


Started GET "/assets/clinical_courses.js?body=1" for 127.0.0.1 at 2012-11-13 18:48:24 +0100
Served asset /clinical_courses.js - 304 Not Modified (0ms)


Started GET "/assets/containments.js?body=1" for 127.0.0.1 at 2012-11-13 18:48:24 +0100
Served asset /containments.js - 304 Not Modified (0ms)


Started GET "/assets/diagnoses.js?body=1" for 127.0.0.1 at 2012-11-13 18:48:24 +0100
Served asset /diagnoses.js - 304 Not Modified (0ms)


Started GET "/assets/exitus.js?body=1" for 127.0.0.1 at 2012-11-13 18:48:24 +0100
Served asset /exitus.js - 304 Not Modified (0ms)


Started GET "/assets/falls.js?body=1" for 127.0.0.1 at 2012-11-13 18:48:24 +0100
Served asset /falls.js - 304 Not Modified (0ms)


Started GET "/assets/families.js?body=1" for 127.0.0.1 at 2012-11-13 18:48:24 +0100
Served asset /families.js - 304 Not Modified (0ms)


Started GET "/assets/galeries.js?body=1" for 127.0.0.1 at 2012-11-13 18:48:24 +0100
Served asset /galeries.js - 304 Not Modified (0ms)


Started GET "/assets/hospital_derivations.js?body=1" for 127.0.0.1 at 2012-11-13 18:48:24 +0100
Served asset /hospital_derivations.js - 304 Not Modified (0ms)


Started GET "/assets/medical_records.js?body=1" for 127.0.0.1 at 2012-11-13 18:48:24 +0100
Served asset /medical_records.js - 304 Not Modified (0ms)


Started GET "/assets/patients.js?body=1" for 127.0.0.1 at 2012-11-13 18:48:24 +0100
Served asset /patients.js - 304 Not Modified (0ms)


Started GET "/assets/vaccines.js?body=1" for 127.0.0.1 at 2012-11-13 18:48:24 +0100
Served asset /vaccines.js - 304 Not Modified (0ms)


Started GET "/assets/application.js?body=1" for 127.0.0.1 at 2012-11-13 18:48:24 +0100
Served asset /application.js - 304 Not Modified (0ms)


Started GET "/assets/ulcers.js?body=1" for 127.0.0.1 at 2012-11-13 18:48:24 +0100
Served asset /ulcers.js - 304 Not Modified (0ms)


Started GET "/assets/treatments.js?body=1" for 127.0.0.1 at 2012-11-13 18:48:24 +0100
Served asset /treatments.js - 304 Not Modified (0ms)


Started GET "/assets/medicines.js?body=1" for 127.0.0.1 at 2012-11-13 18:48:25 +0100
Served asset /medicines.js - 304 Not Modified (0ms)
